[2025-02-27 16:07:14.770510] [783] [info] [suspicious_info_gathering.lua] security check key: check_se_linux
[2025-02-27 16:07:14.770577] [783] [info] [suspicious_info_gathering.lua] security check tool executed: /usr/sbin/getenforce with cmdline: /usr/sbin/getenforce
[2025-02-27 16:08:29.806505] [1538] [info] [suspicious_info_gathering.lua] security check key: check_se_linux
[2025-02-27 16:08:29.806537] [1538] [info] [suspicious_info_gathering.lua] security check tool executed: /usr/bin/sestatus with cmdline: sestatus
[2025-02-27 16:08:29.810775] [1538] [info] [suspicious_info_gathering.lua] security check key: check_se_linux
[2025-02-27 16:08:29.814055] [1537] [info] [suspicious_info_gathering.lua] security check key: check_se_linux
[2025-02-27 17:34:18.093761] [3453] [info] [ransomware_suspicious_fs_activity.lua] Threat type: ransomware_fs_activity *Event Info*:  is in container: false *Process Info*:  kpid: 3190 euid: 0 username: 'root' exe path: /usr/bin/python3.9 cmdline: '/usr/bin/python3.9 /bin/yum update -y' ac type: 1 ac data: /bin/yum process metadata: 48 *Group Leader Info*:  kpid: 3190 euid: 0 username: 'root' exe path: /usr/bin/python3.9 cmdline: '/usr/bin/python3.9 /bin/yum update -y' ac type: 1 ac data: /bin/yum process metadata: 48 group metadata: 16 *Indicator Info*:  id: LD156 category: 4
[2025-02-27 17:34:18.944672] [3453] [info] [ransomware_dynamic_fs_activity.lua] Threat type: ransomware_verdict *Event Info*:  is in container: false *Process Info*:  kpid: 3190 euid: 0 username: 'root' exe path: /usr/bin/python3.9 cmdline: '/usr/bin/python3.9 /bin/yum update -y' ac type: 1 ac data: /bin/yum process metadata: 48 *Group Leader Info*:  kpid: 3190 euid: 0 username: 'root' exe path: /usr/bin/python3.9 cmdline: '/usr/bin/python3.9 /bin/yum update -y' ac type: 1 ac data: /bin/yum process metadata: 48 group metadata: 16 *Indicator Info*:  id: LD71 category: 4 metadata: Heuristics: 4, Encrypted Files: 10, Digested Files: 12
[2025-02-27 17:34:27.676395] [3186] [info] [socket_filter_attachment.lua] Threat type: socket_filter_attachment *Event Info*:  is in container: false *Process Info*:  kpid: 1 euid: 0 username: 'root' exe path: /usr/lib/systemd/systemd cmdline: '/usr/lib/systemd/systemd --system --deserialize 18' ac type: 0 process metadata: 1 *Group Leader Info*:  kpid: 1 euid: 0 username: 'root' exe path: /usr/lib/systemd/systemd cmdline: '/usr/lib/systemd/systemd --system --deserialize 18' ac type: 0 process metadata: 1 group metadata: 1 *Indicator Info*:  id: LD154 category: 2 metadata: Process attached a BPF filter to a socket: filter=IAAAAAgAAAAVAAEA/srt/gYAAAD/////IAAAACAAAABUAAAAAAQAAhUAAAMABAACIAAAACQAAABUAAAAAACAEBUAAQAAAIAQBgAAAAAAAAAGAAAA/////w==
[2025-02-27 17:34:45.074137] [3185] [info] [socket_filter_attachment.lua] Threat type: socket_filter_attachment *Event Info*:  is in container: false *Process Info*:  kpid: 1 euid: 0 username: 'root' exe path: /usr/lib/systemd/systemd cmdline: '/usr/lib/systemd/systemd --system --deserialize 38' ac type: 0 process metadata: 1 *Group Leader Info*:  kpid: 1 euid: 0 username: 'root' exe path: /usr/lib/systemd/systemd cmdline: '/usr/lib/systemd/systemd --system --deserialize 38' ac type: 0 process metadata: 1 group metadata: 1 *Indicator Info*:  id: LD154 category: 2 metadata: Process attached a BPF filter to a socket: filter=IAAAAAgAAAAVAAEA/srt/gYAAAD/////IAAAACAAAABUAAAAAAQAAhUAAAMABAACIAAAACQAAABUAAAAAACAEBUAAQAAAIAQBgAAAAAAAAAGAAAA/////w==
[2025-02-27 17:35:24.550056] [3185] [info] [system_files_reader.lua] cat command was executed on file: etc_passwd
[2025-02-27 17:38:46.497221] [32406] [info] [system_files_reader.lua] cat command was executed on file: etc_passwd
[2025-02-27 17:48:16.102343] [32506] [info] [ransomware_suspicious_fs_activity.lua] Threat type: ransomware_fs_activity *Event Info*:  is in container: false *Process Info*:  kpid: 1149 euid: 0 username: 'root' exe path: /usr/bin/amazon-ssm-agent cmdline: '/usr/bin/amazon-ssm-agent' ac type: 7 process metadata: 0 *Group Leader Info*:  kpid: 1091 euid: 0 username: 'root' exe path: /usr/bin/amazon-ssm-agent cmdline: '/usr/bin/amazon-ssm-agent' ac type: 0 process metadata: 0 group metadata: 12 *Indicator Info*:  id: LD156 category: 4
[2025-02-27 19:37:10.041106] [2135] [info] [suspicious_info_gathering.lua] security check key: check_se_linux
[2025-02-27 19:37:10.041143] [2135] [info] [suspicious_info_gathering.lua] security check tool executed: /usr/bin/sestatus with cmdline: sestatus
[2025-02-27 19:37:10.045674] [2135] [info] [suspicious_info_gathering.lua] security check key: check_se_linux
[2025-02-27 19:37:10.048921] [2134] [info] [suspicious_info_gathering.lua] security check key: check_se_linux
[2025-02-28 18:36:40.154683] [18057] [info] [system_files_reader.lua] cat command was executed on file: etc_passwd
[2025-02-28 18:58:20.160752] [18306] [info] [ransomware_suspicious_fs_activity.lua] Threat type: ransomware_fs_activity *Event Info*:  is in container: false *Process Info*:  kpid: 1251 euid: 0 username: 'root' exe path: /usr/bin/ssm-agent-worker cmdline: '/usr/bin/ssm-agent-worker' ac type: 0 process metadata: 0 *Group Leader Info*:  kpid: 1169 euid: 0 username: 'root' exe path: /usr/bin/amazon-ssm-agent cmdline: '/usr/bin/amazon-ssm-agent' ac type: 0 process metadata: 0 group metadata: 12 *Indicator Info*:  id: LD156 category: 4
[2025-03-11 15:01:08.652116] [171372] [debug] [crypto_miner_execution.lua] found pool. count = 1 (current score = 1)
